HealthViz/app/build/outputs/apk/manifest-merger-debug-report.txt
-- Merging decision tree log ---
manifest
ADDED from AndroidManifest.xml:2:1
	xmlns:android
		ADDED from AndroidManifest.xml:2:11
	package
		ADDED from AndroidManifest.xml:3:3
		INJECTED from AndroidManifest.xml:0:0
		INJECTED from AndroidManifest.xml:0:0
	android:versionName
		ADDED from AndroidManifest.xml:5:3
	android:versionCode
		ADDED from AndroidManifest.xml:4:3
		INJECTED from AndroidManifest.xml:0:0
		INJECTED from AndroidManifest.xml:0:0
uses-sdk
ADDED from AndroidManifest.xml:7:3
	android:targetSdkVersion
		ADDED from AndroidManifest.xml:7:39
		INJECTED from AndroidManifest.xml:0:0
		INJECTED from AndroidManifest.xml:0:0
	android:minSdkVersion
		ADDED from AndroidManifest.xml:7:13
		INJECTED from AndroidManifest.xml:0:0
		INJECTED from AndroidManifest.xml:0:0
application
ADDED from AndroidManifest.xml:9:3
	android:label
		ADDED from AndroidManifest.xml:11:5
	android:icon
		ADDED from AndroidManifest.xml:10:5
	android:theme
		ADDED from AndroidManifest.xml:12:5
activity#com.shelby.android.healthviz.PatientListActivity
ADDED from AndroidManifest.xml:13:5
	android:name
		ADDED from AndroidManifest.xml:13:15
intent-filter#android.intent.action.MAIN+android.intent.category.LAUNCHER
ADDED from AndroidManifest.xml:14:7
action#android.intent.action.MAIN
ADDED from AndroidManifest.xml:15:9
	android:name
		ADDED from AndroidManifest.xml:15:17
category#android.intent.category.LAUNCHER
ADDED from AndroidManifest.xml:17:9
	android:name
		ADDED from AndroidManifest.xml:17:19
activity#com.shelby.android.healthviz.PatientActivity
ADDED from AndroidManifest.xml:20:5
	android:label
		ADDED from AndroidManifest.xml:22:7
	android:parentActivityName
		ADDED from AndroidManifest.xml:23:7
	android:name
		ADDED from AndroidManifest.xml:21:7
meta-data#android.support.PARENT_ACTIVITY
ADDED from AndroidManifest.xml:24:7
	android:name
		ADDED from AndroidManifest.xml:24:18
	android:value
		ADDED from AndroidManifest.xml:25:9
activity#com.shelby.android.healthviz.PatientPagerActivity
ADDED from AndroidManifest.xml:27:5
	android:label
		ADDED from AndroidManifest.xml:28:7
	android:parentActivityName
		ADDED from AndroidManifest.xml:29:7
	android:name
		ADDED from AndroidManifest.xml:27:15